This file contains any messages produced by compilers while
running configure, to aid debugging if configure makes a mistake.

configure:555: checking for gcc
configure:668: checking whether the C compiler (gcc  ) works
configure:684: gcc -o conftest    conftest.c  1>&5
configure:681:1: warning: return type defaults to 'int' [-Wimplicit-int]
  681 | main(){return(0);}
      | ^~~~
configure:710: checking whether the C compiler (gcc  ) is a cross-compiler
configure:715: checking whether we are using GNU C
configure:724: gcc -E conftest.c
configure:743: checking whether gcc accepts -g
configure:775: checking for POSIXized ISC
configure:796: checking whether make sets ${MAKE}
configure:829: checking for ar
configure:859: checking for ranlib
configure:889: checking how to run the C preprocessor
configure:910: gcc -E  conftest.c >/dev/null 2>conftest.out
configure:969: checking for ANSI C header files
configure:982: gcc -E  conftest.c >/dev/null 2>conftest.out
configure:1049: gcc -o conftest -g -O2 -I$(prefix)/include   -L$(prefix)/lib conftest.c  -L/usr/local/lib -L$(prefix)/lib 1>&5
configure: In function 'main':
configure:1044:67: warning: implicit declaration of function 'exit' [-Wimplicit-function-declaration]
 1044 | if (XOR (islower (i), ISLOWER (i)) || toupper (i) != TOUPPER (i)) exit(2);
      |                                                                   ^~~~
configure:1044:67: warning: incompatible implicit declaration of built-in function 'exit'
configure:1040:1: note: include '<stdlib.h>' or provide a declaration of 'exit'
 1039 | #include <ctype.h>
  +++ |+#include <stdlib.h>
 1040 | #define ISLOWER(c) ('a' <= (c) && (c) <= 'z')
configure:1045:1: warning: incompatible implicit declaration of built-in function 'exit'
 1045 | exit (0); }
      | ^~~~
configure:1045:1: note: include '<stdlib.h>' or provide a declaration of 'exit'
configure:1073: checking for working const
configure:1127: gcc -c -g -O2 -I$(prefix)/include  conftest.c 1>&5
configure:1148: checking for inline
configure:1162: gcc -c -g -O2 -I$(prefix)/include  conftest.c 1>&5
configure:1158:10: warning: return type defaults to 'int' [-Wimplicit-int]
 1158 | } $ac_kw foo() {
      |          ^~~
configure:1188: checking for off_t
configure:1221: checking for size_t
configure:1256: checking for working alloca.h
configure:1268: gcc -o conftest -g -O2 -I$(prefix)/include   -L$(prefix)/lib conftest.c  -L/usr/local/lib -L$(prefix)/lib 1>&5
configure:1289: checking for alloca
configure:1322: gcc -o conftest -g -O2 -I$(prefix)/include   -L$(prefix)/lib conftest.c  -L/usr/local/lib -L$(prefix)/lib 1>&5
configure:1491: checking for unistd.h
configure:1501: gcc -E  conftest.c >/dev/null 2>conftest.out
configure:1530: checking for getpagesize
configure:1558: gcc -o conftest -g -O2 -I$(prefix)/include   -L$(prefix)/lib conftest.c  -L/usr/local/lib -L$(prefix)/lib 1>&5
configure:1583: checking for working mmap
configure:1731: gcc -o conftest -g -O2 -I$(prefix)/include   -L$(prefix)/lib conftest.c  -L/usr/local/lib -L$(prefix)/lib 1>&5
configure:1662:7: warning: conflicting types for built-in function 'malloc'; expected 'void *(long unsigned int)' [-Wbuiltin-declaration-mismatch]
 1662 | char *malloc();
      |       ^~~~~~
configure:1617:1: note: 'malloc' is declared in header '<stdlib.h>'
 1616 | #include <sys/mman.h>
  +++ |+#include <stdlib.h>
 1617 | 
configure: In function 'main':
configure:1672:13: warning: implicit declaration of function 'getpagesize' [-Wimplicit-function-declaration]
 1672 |  pagesize = getpagesize();
      |             ^~~~~~~~~~~
configure:1679:3: warning: implicit declaration of function 'exit' [-Wimplicit-function-declaration]
 1679 |   exit(1);
      |   ^~~~
configure:1679:3: warning: incompatible implicit declaration of built-in function 'exit'
configure:1679:3: note: include '<stdlib.h>' or provide a declaration of 'exit'
configure:1681:17: warning: implicit declaration of function 'rand' [-Wimplicit-function-declaration]
 1681 |   *(data + i) = rand();
      |                 ^~~~
configure:1682:2: warning: implicit declaration of function 'umask' [-Wimplicit-function-declaration]
 1682 |  umask(0);
      |  ^~~~~
configure:1685:3: warning: incompatible implicit declaration of built-in function 'exit'
 1685 |   exit(1);
      |   ^~~~
configure:1685:3: note: include '<stdlib.h>' or provide a declaration of 'exit'
configure:1686:6: warning: implicit declaration of function 'write' [-Wimplicit-function-declaration]
 1686 |  if (write(fd, data, pagesize) != pagesize)
      |      ^~~~~
configure:1687:3: warning: incompatible implicit declaration of built-in function 'exit'
 1687 |   exit(1);
      |   ^~~~
configure:1687:3: note: include '<stdlib.h>' or provide a declaration of 'exit'
configure:1688:2: warning: implicit declaration of function 'close' [-Wimplicit-function-declaration]
 1688 |  close(fd);
      |  ^~~~~
configure:1697:3: warning: incompatible implicit declaration of built-in function 'exit'
 1697 |   exit(1);
      |   ^~~~
configure:1697:3: note: include '<stdlib.h>' or provide a declaration of 'exit'
configure:1700:3: warning: incompatible implicit declaration of built-in function 'exit'
 1700 |   exit(1);
      |   ^~~~
configure:1700:3: note: include '<stdlib.h>' or provide a declaration of 'exit'
configure:1701:24: warning: cast from pointer to integer of different size [-Wpointer-to-int-cast]
 1701 |  data2 += (pagesize - ((int) data2 & (pagesize - 1))) & (pagesize - 1);
      |                        ^
configure:1704:3: warning: incompatible implicit declaration of built-in function 'exit'
 1704 |   exit(1);
      |   ^~~~
configure:1704:3: note: include '<stdlib.h>' or provide a declaration of 'exit'
configure:1707:4: warning: incompatible implicit declaration of built-in function 'exit'
 1707 |    exit(1);
      |    ^~~~
configure:1707:4: note: include '<stdlib.h>' or provide a declaration of 'exit'
configure:1718:3: warning: incompatible implicit declaration of built-in function 'exit'
 1718 |   exit(1);
      |   ^~~~
configure:1718:3: note: include '<stdlib.h>' or provide a declaration of 'exit'
configure:1719:6: warning: implicit declaration of function 'read' [-Wimplicit-function-declaration]
 1719 |  if (read(fd, data3, pagesize) != pagesize)
      |      ^~~~
configure:1720:3: warning: incompatible implicit declaration of built-in function 'exit'
 1720 |   exit(1);
      |   ^~~~
configure:1720:3: note: include '<stdlib.h>' or provide a declaration of 'exit'
configure:1723:4: warning: incompatible implicit declaration of built-in function 'exit'
 1723 |    exit(1);
      |    ^~~~
configure:1723:4: note: include '<stdlib.h>' or provide a declaration of 'exit'
configure:1725:2: warning: implicit declaration of function 'unlink' [-Wimplicit-function-declaration]
 1725 |  unlink("conftestmmap");
      |  ^~~~~~
configure:1726:2: warning: incompatible implicit declaration of built-in function 'exit'
 1726 |  exit(0);
      |  ^~~~
configure:1726:2: note: include '<stdlib.h>' or provide a declaration of 'exit'
configure:1759: checking for argz.h
configure:1769: gcc -E  conftest.c >/dev/null 2>conftest.out
configure:1759: checking for limits.h
configure:1769: gcc -E  conftest.c >/dev/null 2>conftest.out
configure:1759: checking for locale.h
configure:1769: gcc -E  conftest.c >/dev/null 2>conftest.out
configure:1759: checking for nl_types.h
configure:1769: gcc -E  conftest.c >/dev/null 2>conftest.out
configure:1759: checking for malloc.h
configure:1769: gcc -E  conftest.c >/dev/null 2>conftest.out
configure:1759: checking for string.h
configure:1769: gcc -E  conftest.c >/dev/null 2>conftest.out
configure:1759: checking for unistd.h
configure:1759: checking for sys/param.h
configure:1769: gcc -E  conftest.c >/dev/null 2>conftest.out
configure:1799: checking for getcwd
configure:1827: gcc -o conftest -g -O2 -I$(prefix)/include   -L$(prefix)/lib conftest.c  -L/usr/local/lib -L$(prefix)/lib 1>&5
configure:1799: checking for munmap
configure:1827: gcc -o conftest -g -O2 -I$(prefix)/include   -L$(prefix)/lib conftest.c  -L/usr/local/lib -L$(prefix)/lib 1>&5
configure:1799: checking for putenv
configure:1827: gcc -o conftest -g -O2 -I$(prefix)/include   -L$(prefix)/lib conftest.c  -L/usr/local/lib -L$(prefix)/lib 1>&5
configure:1799: checking for setenv
configure:1827: gcc -o conftest -g -O2 -I$(prefix)/include   -L$(prefix)/lib conftest.c  -L/usr/local/lib -L$(prefix)/lib 1>&5
configure:1799: checking for setlocale
configure:1827: gcc -o conftest -g -O2 -I$(prefix)/include   -L$(prefix)/lib conftest.c  -L/usr/local/lib -L$(prefix)/lib 1>&5
configure:1799: checking for strchr
configure:1827: gcc -o conftest -g -O2 -I$(prefix)/include   -L$(prefix)/lib conftest.c  -L/usr/local/lib -L$(prefix)/lib 1>&5
configure:1811:6: warning: conflicting types for built-in function 'strchr'; expected 'char *(const char *, int)' [-Wbuiltin-declaration-mismatch]
 1811 | char $ac_func();
      |      ^~~~~~
configure:1808:1: note: 'strchr' is declared in header '<string.h>'
 1807 | #include <assert.h>
  +++ |+#include <string.h>
 1808 | /* Override any gcc2 internal prototype to avoid an error.  */
configure:1799: checking for strcasecmp
configure:1827: gcc -o conftest -g -O2 -I$(prefix)/include   -L$(prefix)/lib conftest.c  -L/usr/local/lib -L$(prefix)/lib 1>&5
configure:1811:6: warning: conflicting types for built-in function 'strcasecmp'; expected 'int(const char *, const char *)' [-Wbuiltin-declaration-mismatch]
 1811 | char $ac_func();
      |      ^~~~~~~~~~
configure:1799: checking for strdup
configure:1827: gcc -o conftest -g -O2 -I$(prefix)/include   -L$(prefix)/lib conftest.c  -L/usr/local/lib -L$(prefix)/lib 1>&5
configure:1811:6: warning: conflicting types for built-in function 'strdup'; expected 'char *(const char *)' [-Wbuiltin-declaration-mismatch]
 1811 | char $ac_func();
      |      ^~~~~~
configure:1799: checking for __argz_count
configure:1827: gcc -o conftest -g -O2 -I$(prefix)/include   -L$(prefix)/lib conftest.c  -L/usr/local/lib -L$(prefix)/lib 1>&5
configure:1799: checking for __argz_stringify
configure:1827: gcc -o conftest -g -O2 -I$(prefix)/include   -L$(prefix)/lib conftest.c  -L/usr/local/lib -L$(prefix)/lib 1>&5
configure:1799: checking for __argz_next
configure:1827: gcc -o conftest -g -O2 -I$(prefix)/include   -L$(prefix)/lib conftest.c  -L/usr/local/lib -L$(prefix)/lib 1>&5
configure:1856: checking for stpcpy
configure:1884: gcc -o conftest -g -O2 -I$(prefix)/include   -L$(prefix)/lib conftest.c  -L/usr/local/lib -L$(prefix)/lib 1>&5
configure:1868:6: warning: conflicting types for built-in function 'stpcpy'; expected 'char *(char *, const char *)' [-Wbuiltin-declaration-mismatch]
 1868 | char $ac_func();
      |      ^~~~~~
configure:1918: checking for LC_MESSAGES
configure:1930: gcc -o conftest -g -O2 -I$(prefix)/include   -L$(prefix)/lib conftest.c  -L/usr/local/lib -L$(prefix)/lib 1>&5
configure:1951: checking whether NLS is requested
configure:1971: checking whether included gettext is requested
configure:1990: checking for libintl.h
configure:2000: gcc -E  conftest.c >/dev/null 2>conftest.out
configure:2017: checking for gettext in libc
configure:2029: gcc -o conftest -g -O2 -I$(prefix)/include   -L$(prefix)/lib conftest.c  -L/usr/local/lib -L$(prefix)/lib 1>&5
configure: In function 'main':
configure:2025:8: warning: cast from pointer to integer of different size [-Wpointer-to-int-cast]
 2025 | return (int) gettext ("")
      |        ^
configure:2143: checking for msgfmt
configure:2177: checking for dcgettext
configure:2205: gcc -o conftest -g -O2 -I$(prefix)/include   -L$(prefix)/lib conftest.c  -L/usr/local/lib -L$(prefix)/lib 1>&5
configure:2189:6: warning: conflicting types for built-in function 'dcgettext'; expected 'char *(const char *, const char *, int)' [-Wbuiltin-declaration-mismatch]
 2189 | char $ac_func();
      |      ^~~~~~~~~
configure:2232: checking for gmsgfmt
configure:2268: checking for xgettext
configure:2308: gcc -o conftest -g -O2 -I$(prefix)/include   -L$(prefix)/lib conftest.c  -L/usr/local/lib -L$(prefix)/lib 1>&5
configure:2766: checking for catalogs to be installed
configure:2870: checking enable debug code
configure:2898: checking for X
configure:2965: gcc -E  conftest.c >/dev/null 2>conftest.out
configure:3212: checking for dnet_ntoa in -ldnet
configure:3231: gcc -o conftest -g -O2 -I$(prefix)/include   -L$(prefix)/lib conftest.c -ldnet   -L/usr/local/lib -L$(prefix)/lib 1>&5
/usr/bin/ld: cannot find -ldnet
collect2: error: ld returned 1 exit status
configure: failed program was:
#line 3220 "configure"
#include "confdefs.h"
/* Override any gcc2 internal prototype to avoid an error.  */
/* We use char because int might match the return type of a gcc2
    builtin and then its argument prototype would still apply.  */
char dnet_ntoa();

int main() {
dnet_ntoa()
; return 0; }
configure:3253: checking for dnet_ntoa in -ldnet_stub
configure:3272: gcc -o conftest -g -O2 -I$(prefix)/include   -L$(prefix)/lib conftest.c -ldnet_stub   -L/usr/local/lib -L$(prefix)/lib 1>&5
/usr/bin/ld: cannot find -ldnet_stub
collect2: error: ld returned 1 exit status
configure: failed program was:
#line 3261 "configure"
#include "confdefs.h"
/* Override any gcc2 internal prototype to avoid an error.  */
/* We use char because int might match the return type of a gcc2
    builtin and then its argument prototype would still apply.  */
char dnet_ntoa();

int main() {
dnet_ntoa()
; return 0; }
configure:3301: checking for gethostbyname
configure:3329: gcc -o conftest -g -O2 -I$(prefix)/include   -L$(prefix)/lib conftest.c  -L/usr/local/lib -L$(prefix)/lib 1>&5
configure:3399: checking for connect
configure:3427: gcc -o conftest -g -O2 -I$(prefix)/include   -L$(prefix)/lib conftest.c  -L/usr/local/lib -L$(prefix)/lib 1>&5
configure:3491: checking for remove
configure:3519: gcc -o conftest -g -O2 -I$(prefix)/include   -L$(prefix)/lib conftest.c  -L/usr/local/lib -L$(prefix)/lib 1>&5
configure:3583: checking for shmat
configure:3611: gcc -o conftest -g -O2 -I$(prefix)/include   -L$(prefix)/lib conftest.c  -L/usr/local/lib -L$(prefix)/lib 1>&5
configure:3684: checking for IceConnectionNumber in -lICE
configure:3703: gcc -o conftest -g -O2 -I$(prefix)/include   -L$(prefix)/lib -L/usr/lib64 conftest.c -lICE   -L/usr/local/lib -L$(prefix)/lib 1>&5
configure:3740: checking for gdk_event_put in -lgdk
configure:3759: gcc -o conftest -g -O2 -I$(prefix)/include   -L$(prefix)/lib conftest.c -lgdk   -L/usr/local/lib -L$(prefix)/lib -L/usr/lib -L/usr/lib  -L/usr/lib64 1>&5
configure:3787: checking for gtk_ctree_new in -lgtk
configure:3806: gcc -o conftest -g -O2 -I$(prefix)/include   -L$(prefix)/lib conftest.c -lgtk  -lgdk  -L/usr/local/lib -L$(prefix)/lib -L/usr/lib -L/usr/lib  -L/usr/lib64 1>&5
configure:3834: checking for textdomain in -lintl
configure:3853: gcc -o conftest -g -O2 -I$(prefix)/include   -L$(prefix)/lib conftest.c -lintl  -lgtk -lgdk  -L/usr/local/lib -L$(prefix)/lib -L/usr/lib -L/usr/lib  -L/usr/lib64 1>&5
/usr/bin/ld: cannot find -lintl
collect2: error: ld returned 1 exit status
configure: failed program was:
#line 3842 "configure"
#include "confdefs.h"
/* Override any gcc2 internal prototype to avoid an error.  */
/* We use char because int might match the return type of a gcc2
    builtin and then its argument prototype would still apply.  */
char textdomain();

int main() {
textdomain()
; return 0; }
configure:3885: checking for getopt.h
configure:3895: gcc -E  conftest.c >/dev/null 2>conftest.out
configure:3885: checking for limits.h
configure:3922: checking for getopt
configure:3950: gcc -o conftest -g -O2 -I$(prefix)/include   -L$(prefix)/lib conftest.c -lgtk -lgdk  -L/usr/local/lib -L$(prefix)/lib -L/usr/lib -L/usr/lib  -L/usr/lib64 1>&5
configure:3974: checking for terminal
configure:3991: checking for urlfetch
configure:4008: checking for netscape
configure:4017: checking for rxvt
configure:4026: checking for gvim
configure:4035: checking for star office
configure:4044: checking for kde directory argument
configure:4057: checking for gnome directory argument
configure:4070: checking for mlvwm directory argument
configure:4083: checking for appledouble support
